2024-01-07 12:54:31|   0.0|  0.0|INFORM|Current FME version: FME 2023.0.1.0 (20230630 - Build 23332 - WIN64)
2024-01-07 12:54:31|   0.0|  0.0|INFORM|System Time: 20240107115431 UTC
2024-01-07 12:54:31|   0.0|  0.0|INFORM|FME_HOME is 'C:\Program Files\FME\'
2024-01-07 12:54:31|   0.0|  0.0|INFORM|FME for March (node locked-crc)
2024-01-07 12:54:31|   0.0|  0.0|INFORM|Serial Number: 0
2024-01-07 12:54:31|   0.0|  0.0|INFORM|Temporary License: 86 days left.
2024-01-07 12:54:31|   0.0|  0.0|INFORM|Machine host name is: LAPTOP-PK
2024-01-07 12:54:31|   0.0|  0.0|INFORM|OS Locale Name     : pl_PL
2024-01-07 12:54:31|   0.0|  0.0|INFORM|OS Locale Encoding : windows-1250
2024-01-07 12:54:31|   0.0|  0.0|INFORM|Process Encoding   : UTF-8
2024-01-07 12:54:31|   0.0|  0.0|INFORM|FME API version: '4.0 20230418'
2024-01-07 12:54:31|   0.0|  0.0|INFORM|FME Configuration: FME_BASE is 'no'
2024-01-07 12:54:31|   0.0|  0.0|INFORM|FME Configuration: FME_MF_DIR is 'C:\Users\Piotrek\Desktop\Studia\Bazy danych przestrzennych\cw11/'
2024-01-07 12:54:31|   0.0|  0.0|INFORM|FME Configuration: FME_MF_NAME is 'powiaty.fmw'
2024-01-07 12:54:31|   0.0|  0.0|INFORM|FME Configuration: FME_PRODUCT_NAME is 'FME(R) 2023.0.1.0'
2024-01-07 12:54:31|   0.0|  0.0|INFORM|Operating System: Microsoft Windows 11 64-bit  (Build 22621)
2024-01-07 12:54:31|   0.0|  0.0|INFORM|FME Platform: WIN64
2024-01-07 12:54:31|   0.0|  0.0|INFORM|System Status: 64.55 GB of disk space available in the FME temporary folder (C:\Users\Piotrek\AppData\Local\Temp\wbrun_1704624146264_38404\fmetmp_a)
2024-01-07 12:54:31|   0.0|  0.0|INFORM|System Status: 15.86 GB of physical memory available
2024-01-07 12:54:31|   0.0|  0.0|INFORM|System Status: 63.42 GB of virtual memory available
2024-01-07 12:54:31|   0.0|  0.0|INFORM|START - ProcessID: 37568, peak process memory usage: 136248 kB, current process memory usage: 88060 kB
2024-01-07 12:54:31|   0.0|  0.0|INFORM|FME Configuration: Command line arguments are `C:\Program Files\FME\fme.exe' `C:/Users/Piotrek/Desktop/Studia/Bazy danych przestrzennych/cw11\wb-xlate-1704628467656_38404' `LOG_STANDARDOUT' `YES' `LOG_TIMINGS' `YES' `LogCountServerName' `57079' `LOG_STANDARDOUT' `No' `WORKBENCH_LOG_SERVER' `60188'
2024-01-07 12:54:31|   0.0|  0.0|INFORM|FME Configuration: Connection Storage: 'C:\Users\Piotrek\AppData\Roaming\Safe Software\FME\'
2024-01-07 12:54:31|   0.0|  0.0|INFORM|Using Python interpreter from `C:\Program Files\FME\fmepython311\python311.dll' with PYTHONHOME `C:\Program Files\FME\fmepython311'
2024-01-07 12:54:31|   0.0|  0.0|INFORM|Python version 3.11 loaded successfully
2024-01-07 12:54:31|   0.0|  0.0|INFORM|Adding folder `C:\Users\Piotrek\Desktop\Studia\Bazy danych przestrzennych\cw11\' to the python path
2024-01-07 12:54:31|   0.0|  0.0|INFORM|FME_BEGIN_PYTHON: evaluating python script from string...
2024-01-07 12:54:33|   0.0|  0.0|INFORM|Email sent successfully!
2024-01-07 12:54:33|   0.0|  0.0|INFORM|FME_BEGIN_PYTHON: python script execution complete.
2024-01-07 12:54:33|   0.0|  0.0|INFORM|Shared folders for formats are : C:\Program Files\FME\datasources;C:\Users\Piotrek\Documents\FME\Formats
2024-01-07 12:54:33|   0.0|  0.0|INFORM|Shared folders for transformers are : C:\Users\Piotrek\AppData\Roaming\Safe Software\FME\Packages\23332-win64\transformers;C:\Program Files\FME\transformers;C:\Users\Piotrek\AppData\Roaming\Safe Software\FME\FME Store\Transformers
2024-01-07 12:54:33|   0.0|  0.0|INFORM|Shared folders for coordinate systems are : C:\Users\Piotrek\Documents\FME\CoordinateSystems
2024-01-07 12:54:33|   0.0|  0.0|INFORM|Shared folders for coordinate system exceptions are : C:\Users\Piotrek\Documents\FME\CoordinateSystemExceptions
2024-01-07 12:54:33|   0.0|  0.0|INFORM|Shared folders for coordinate system grid overrides are : C:\Users\Piotrek\Documents\FME\CoordinateSystemGridOverrides
2024-01-07 12:54:33|   0.0|  0.0|INFORM|Shared folders for CS-MAP transformation exceptions are : C:\Users\Piotrek\Documents\FME\CsmapTransformationExceptions
2024-01-07 12:54:33|   0.0|  0.0|INFORM|Shared folders for transformer categories are : C:\Users\Piotrek\Documents\FME\TransformerCategories
2024-01-07 12:54:33|   0.0|  0.0|INFORM|FME Configuration: Reader Keyword is `MULTI_READER'
2024-01-07 12:54:33|   0.0|  0.0|INFORM|FME Configuration: Writer Keyword is `MULTI_WRITER'
2024-01-07 12:54:33|   0.0|  0.0|INFORM|FME Configuration: Writer Group Definition Keyword is `MULTI_WRITER_DEF'
2024-01-07 12:54:33|   0.0|  0.0|INFORM|FME Configuration: Reader type is `MULTI_READER'
2024-01-07 12:54:33|   0.0|  0.0|INFORM|FME Configuration: Writer type is `MULTI_WRITER'
2024-01-07 12:54:33|   0.0|  0.0|INFORM|FME Configuration: No destination coordinate system set
2024-01-07 12:54:33|   0.0|  0.0|INFORM|FME Configuration: Current working folder is `C:\Users\Piotrek\Desktop\Studia\Bazy danych przestrzennych\cw11'
2024-01-07 12:54:33|   0.0|  0.0|INFORM|FME Configuration: Temporary folder is `C:\Users\Piotrek\AppData\Local\Temp\wbrun_1704624146264_38404\fmetmp_a', set from environment variable `FME_TEMP'
2024-01-07 12:54:33|   0.0|  0.0|INFORM|FME Configuration: Cache folder is 'C:\Users\Piotrek\AppData\Local\Temp'
2024-01-07 12:54:33|   0.0|  0.0|INFORM|FME Configuration: FME_HOME is `C:\Program Files\FME\'
2024-01-07 12:54:33|   0.0|  0.0|INFORM|FME Configuration: Start freeing memory when the process exceeds 47.57 GB
2024-01-07 12:54:33|   0.0|  0.0|INFORM|FME Configuration: Stop freeing memory when the process is below 35.67 GB
2024-01-07 12:54:33|   0.0|  0.0|INFORM|Creating writer for format: 
2024-01-07 12:54:33|   0.0|  0.0|INFORM|Creating reader for format: 
2024-01-07 12:54:33|   0.0|  0.0|INFORM|MULTI_READER(MULTI_READER): Will fail with first member reader failure
2024-01-07 12:54:33|   0.0|  0.0|INFORM|Using Multi Reader with keyword `MULTI_READER' to read multiple datasets
2024-01-07 12:54:33|   0.0|  0.0|INFORM|Using MultiWriter with keyword `MULTI_WRITER' to output data (ID_ATTRIBUTE is `multi_writer_id')
2024-01-07 12:54:33|   0.0|  0.0|INFORM|Writer output will be ordered by value of multi_writer_id
2024-01-07 12:54:33|   0.0|  0.0|INFORM|Loaded module 'LogCount_func' from file 'C:\Program Files\FME\plugins/LogCount_func.dll'
2024-01-07 12:54:33|   0.0|  0.0|INFORM|FME API version of module 'LogCount_func' matches current internal version (4.0 20230418)
2024-01-07 12:54:33|   0.0|  0.0|INFORM|Loaded module 'InspectorFactory' from file 'C:\Program Files\FME\plugins/InspectorFactory.dll'
2024-01-07 12:54:33|   0.0|  0.0|INFORM|FME API version of module 'InspectorFactory' matches current internal version (4.0 20230418)
2024-01-07 12:54:33|   0.0|  0.0|INFORM|Loaded module 'RasterSplitterFactory' from file 'C:\Program Files\FME\plugins/RasterSplitterFactory.dll'
2024-01-07 12:54:33|   0.0|  0.0|INFORM|FME API version of module 'RasterSplitterFactory' matches current internal version (4.0 20230418)
2024-01-07 12:54:33|   0.0|  0.0|INFORM|Loaded module 'Geometry_func' from file 'C:\Program Files\FME\plugins/Geometry_func.dll'
2024-01-07 12:54:33|   0.0|  0.0|INFORM|FME API version of module 'Geometry_func' matches current internal version (4.0 20230418)
2024-01-07 12:54:33|   0.0|  0.0|INFORM|Loaded module 'RasterProperties_func' from file 'C:\Program Files\FME\plugins/RasterProperties_func.dll'
2024-01-07 12:54:33|   0.0|  0.0|INFORM|FME API version of module 'RasterProperties_func' matches current internal version (4.0 20230418)
2024-01-07 12:54:33|   0.0|  0.0|INFORM|Loaded module 'RasterNodata_func' from file 'C:\Program Files\FME\plugins/RasterNodata_func.dll'
2024-01-07 12:54:33|   0.0|  0.0|INFORM|FME API version of module 'RasterNodata_func' matches current internal version (4.0 20230418)
2024-01-07 12:54:33|   0.0|  0.0|INFORM|Loaded module 'RasterEvaluationFactory' from file 'C:\Program Files\FME\plugins/RasterEvaluationFactory.dll'
2024-01-07 12:54:33|   0.0|  0.0|INFORM|FME API version of module 'RasterEvaluationFactory' matches current internal version (4.0 20230418)
2024-01-07 12:54:33|   0.0|  0.0|INFORM|Loaded module 'RasterPaletteAttributes_func' from file 'C:\Program Files\FME\plugins/RasterPaletteAttributes_func.dll'
2024-01-07 12:54:33|   0.0|  0.0|INFORM|FME API version of module 'RasterPaletteAttributes_func' matches current internal version (4.0 20230418)
2024-01-07 12:54:33|   0.0|  0.0|INFORM|Loaded module 'ClipperFactory' from file 'C:\Program Files\FME\plugins/ClipperFactory.dll'
2024-01-07 12:54:33|   0.0|  0.0|INFORM|FME API version of module 'ClipperFactory' matches current internal version (4.0 20230418)
2024-01-07 12:54:33|   0.0|  0.0|INFORM|Loaded module 'RasterStatisticsFactory' from file 'C:\Program Files\FME\plugins/RasterStatisticsFactory.dll'
2024-01-07 12:54:33|   0.0|  0.0|INFORM|FME API version of module 'RasterStatisticsFactory' matches current internal version (4.0 20230418)
2024-01-07 12:54:33|   0.0|  0.0|INFORM|Loaded module 'PythonFactory' from file 'C:\Program Files\FME\plugins/PythonFactory.dll'
2024-01-07 12:54:33|   0.0|  0.0|INFORM|FME API version of module 'PythonFactory' matches current internal version (4.0 20230418)
2024-01-07 12:54:33|   0.0|  0.0|INFORM|Emptying factory pipeline
2024-01-07 12:54:33|   0.0|  0.0|STATS |Router and Unexpected Input Remover (RoutingFactory): Tested 0 input feature(s), wrote 0 output feature(s): 0 matched merge filters, 0 were routed to output, 0 could not be routed.
2024-01-07 12:54:33|   0.0|  0.0|STATS |Unwanted Router Input Nuker (TeeFactory): Cloned 0 input feature(s) into 0 output feature(s)
2024-01-07 12:54:33|   0.0|  0.0|STATS |powiaty_SHAPEFILE_1 Splitter (TeeFactory): Cloned 0 input feature(s) into 0 output feature(s)
2024-01-07 12:54:33|   0.2|  0.2|STATS |Restoring 1 feature(s) from FME feature store file `C:\Users\Piotrek\AppData\Local\Temp\wb-cache--bRGOwB\Main_TestFilter -1 3 fo 0 _lt_at_gt_Value_lt_openparen_gt_JPT_NAZWA__lt_closeparen_gt  0  b2b5e5b9ceabe29a8fd72aaaead9ab5b31a2dfa5.ffs'
2024-01-07 12:54:33|   0.2|  0.0|STATS |Storing feature(s) to FME feature store file `C:\Users\Piotrek\AppData\Local\Temp\wb-inspectors-CvEdGw\inspector.ffs'
2024-01-07 12:54:33|   0.2|  0.0|STATS |Restoring 10 feature(s) from FME feature store file `C:\Users\Piotrek\AppData\Local\Temp\wb-cache--bRGOwB\Main_EarthCacheConnector -1 11 fo 0 Output  0  a9f271bfc85423ad8c1d40a985ea7f30191138b9.ffs'
2024-01-07 12:54:35|   1.5|  1.3|STATS |Restoring 1 feature(s) from FME feature store file `C:\Users\Piotrek\AppData\Local\Temp\wb-cache--bRGOwB\Main_Reprojector -1 7 fo 0 REPROJECTED  0  c3d8f96235f6569d43c81ded280c4042aeae26be.ffs'
2024-01-07 12:54:35|   1.5|  0.0|STATS |Sampler (SamplingFactory): Sampled 1 of 10 feature(s)
2024-01-07 12:54:35|   1.5|  0.0|STATS |Sampler_Sampled (TeeFactory): Cloned 1 input feature(s) into 1 output feature(s)
2024-01-07 12:54:35|   1.5|  0.0|STATS |RasterBandSeparator (RasterSplitterFactory): Total of 4 raster feature(s) processed
2024-01-07 12:54:35|   1.5|  0.0|STATS |RasterBandSeparator OUTPUT Splitter (TeeFactory): Cloned 4 input feature(s) into 8 output feature(s)
2024-01-07 12:54:35|   1.5|  0.0|STATS |RED_INPUT (TeeFactory): Cloned 4 input feature(s) into 4 output feature(s)
2024-01-07 12:54:35|   1.5|  0.0|STATS |RED (TestFactory): Tested 4 input feature(s) -- 1 feature(s) passed and 3 feature(s) failed
2024-01-07 12:54:35|   1.5|  0.0|STATS |NIR_INPUT (TeeFactory): Cloned 4 input feature(s) into 4 output feature(s)
2024-01-07 12:54:35|   1.5|  0.0|STATS |NIR (TestFactory): Tested 4 input feature(s) -- 1 feature(s) passed and 3 feature(s) failed
2024-01-07 12:54:35|   1.5|  0.0|STATS |NDVICalculator Red Input Collector (TeeFactory): Cloned 1 input feature(s) into 1 output feature(s)
2024-01-07 12:54:35|   1.5|  0.0|STATS |NDVICalculator Infrared Input Collector (TeeFactory): Cloned 1 input feature(s) into 1 output feature(s)
2024-01-07 12:54:35|   1.5|  0.0|STATS |NDVICalculator_Red1572301170 Input Splitter (TeeFactory): Cloned 1 input feature(s) into 1 output feature(s)
2024-01-07 12:54:35|   1.5|  0.0|STATS |NDVICalculator_Infrared1572301170 Input Splitter (TeeFactory): Cloned 1 input feature(s) into 1 output feature(s)
2024-01-07 12:54:35|   1.5|  0.0|STATS |NDVICalculator_GeometryFilter_InputPassThrough (TeeFactory): Cloned 2 input feature(s) into 2 output feature(s)
2024-01-07 12:54:35|   1.5|  0.0|STATS |NDVICalculator_GeometryFilter_RouterPrepper (TeeFactory): Cloned 2 input feature(s) into 2 output feature(s)
2024-01-07 12:54:35|   1.5|  0.0|STATS |NDVICalculator_GeometryFilter_Router (TestFactory): Tested 2 input feature(s) -- 2 feature(s) passed and 0 feature(s) failed
2024-01-07 12:54:35|   1.5|  0.0|STATS |NDVICalculator_Junction_4 (TeeFactory): Cloned 0 input feature(s) into 0 output feature(s)
2024-01-07 12:54:35|   1.5|  0.0|STATS |NDVICalculator_Junction_5 (TeeFactory): Cloned 0 input feature(s) into 0 output feature(s)
2024-01-07 12:54:35|   1.5|  0.0|STATS |NDVICalculator_RasterPropertyExtractor (TeeFactory): Cloned 2 input feature(s) into 2 output feature(s)
2024-01-07 12:54:35|   1.5|  0.0|STATS |NDVICalculator_RasterPropertyExtractor_Rejector (TestFactory): Tested 2 input feature(s) -- 0 feature(s) passed and 2 feature(s) failed
2024-01-07 12:54:35|   1.5|  0.0|STATS |NDVICalculator_Junction (TeeFactory): Cloned 0 input feature(s) into 0 output feature(s)
2024-01-07 12:54:35|   1.5|  0.0|STATS |NDVICalculator_Tester (TestFactory): Tested 2 input feature(s) -- 2 feature(s) passed and 0 feature(s) failed
2024-01-07 12:54:35|   1.5|  0.0|STATS |NDVICalculator_Junction_6 (TeeFactory): Cloned 0 input feature(s) into 0 output feature(s)
2024-01-07 12:54:35|   1.5|  0.0|STATS |NDVICalculator_Junction_7 (TeeFactory): Cloned 0 input feature(s) into 0 output feature(s)
2024-01-07 12:54:35|   1.5|  0.0|STATS |NDVICalculator_RasterBandPropertyExtractor (TeeFactory): Cloned 2 input feature(s) into 2 output feature(s)
2024-01-07 12:54:35|   1.5|  0.0|STATS |NDVICalculator_RasterBandPropertyExtractor_Rejector (TestFactory): Tested 2 input feature(s) -- 0 feature(s) passed and 2 feature(s) failed
2024-01-07 12:54:35|   1.5|  0.0|STATS |NDVICalculator_Junction_3 (TeeFactory): Cloned 0 input feature(s) into 0 output feature(s)
2024-01-07 12:54:35|   1.5|  0.0|STATS |NDVICalculator_Tester_2 (TestFactory): Tested 2 input feature(s) -- 2 feature(s) passed and 0 feature(s) failed
2024-01-07 12:54:35|   1.5|  0.0|STATS |NDVICalculator_Junction_8 (TeeFactory): Cloned 0 input feature(s) into 0 output feature(s)
2024-01-07 12:54:35|   1.5|  0.0|STATS |NDVICalculator_Junction_9 (TeeFactory): Cloned 0 input feature(s) into 0 output feature(s)
2024-01-07 12:54:35|   1.5|  0.0|STATS |NDVICalculator_RasterBandNodataRemover (TeeFactory): Cloned 2 input feature(s) into 2 output feature(s)
2024-01-07 12:54:35|   1.5|  0.0|STATS |NDVICalculator_RasterBandNodataRemover_Rejector (TestFactory): Tested 2 input feature(s) -- 0 feature(s) passed and 2 feature(s) failed
2024-01-07 12:54:35|   1.5|  0.0|STATS |NDVICalculator_TestFilter_3 (TeeFactory): Cloned 2 input feature(s) into 2 output feature(s)
2024-01-07 12:54:35|   1.5|  0.0|STATS |NDVICalculator_TestFilter_3_Condition_1 (TestFactory): Tested 2 input feature(s) -- 0 feature(s) passed and 2 feature(s) failed
2024-01-07 12:54:35|   1.5|  0.0|STATS |NDVICalculator_TestFilter_3_SAVIadjustmentSet (TeeFactory): Cloned 2 input feature(s) into 2 output feature(s)
2024-01-07 12:54:35|   1.5|  0.0|STATS |NDVICalculator_TestFilter_5 (TeeFactory): Cloned 2 input feature(s) into 2 output feature(s)
2024-01-07 12:54:35|   1.5|  0.0|STATS |NDVICalculator_TestFilter_5_Condition_1 (TestFactory): Tested 2 input feature(s) -- 1 feature(s) passed and 1 feature(s) failed
2024-01-07 12:54:35|   1.5|  0.0|STATS |NDVICalculator_TestFilter_5_infrared (TeeFactory): Cloned 1 input feature(s) into 1 output feature(s)
2024-01-07 12:54:35|   1.5|  0.0|STATS |NDVICalculator_TestFilter_2 (TeeFactory): Cloned 1 input feature(s) into 1 output feature(s)
2024-01-07 12:54:35|   1.5|  0.0|STATS |NDVICalculator_TestFilter_2_Condition_1 (TestFactory): Tested 1 input feature(s) -- 1 feature(s) passed and 0 feature(s) failed
2024-01-07 12:54:35|   1.5|  0.0|STATS |NDVICalculator_TestFilter_2_SAVI (TeeFactory): Cloned 0 input feature(s) into 0 output feature(s)
2024-01-07 12:54:35|   1.5|  0.0|STATS |NDVICalculator_TestFilter (TeeFactory): Cloned 1 input feature(s) into 1 output feature(s)
2024-01-07 12:54:35|   1.5|  0.0|STATS |NDVICalculator_TestFilter_Condition_1 (TestFactory): Tested 1 input feature(s) -- 1 feature(s) passed and 0 feature(s) failed
2024-01-07 12:54:35|   1.5|  0.0|STATS |NDVICalculator_TestFilter_SAVI (TeeFactory): Cloned 0 input feature(s) into 0 output feature(s)
2024-01-07 12:54:35|   1.5|  0.0|STATS |NDVICalculator_Junction_13 (TeeFactory): Cloned 0 input feature(s) into 0 output feature(s)
2024-01-07 12:54:35|   1.5|  0.0|STATS |NDVICalculator_TestFilter_4 (TeeFactory): Cloned 1 input feature(s) into 1 output feature(s)
2024-01-07 12:54:35|   1.5|  0.0|STATS |NDVICalculator_TestFilter_4_Condition_1 (TestFactory): Tested 1 input feature(s) -- 1 feature(s) passed and 0 feature(s) failed
2024-01-07 12:54:35|   1.5|  0.0|STATS |NDVICalculator_TestFilter_4_Condition_2 (TestFactory): Tested 0 input feature(s) -- 0 feature(s) passed and 0 feature(s) failed
2024-01-07 12:54:35|   1.5|  0.0|STATS |NDVICalculator_TestFilter_4_Do Not (TeeFactory): Cloned 0 input feature(s) into 0 output feature(s)
2024-01-07 12:54:35|   1.5|  0.0|STATS |NDVICalculator_RasterBandNodataSetter_2_RasterBandNodataSetterInput (TeeFactory): Cloned 0 input feature(s) into 0 output feature(s)
2024-01-07 12:54:35|   1.5|  0.0|STATS |NDVICalculator_RasterBandNodataSetter_2_RasterBandNodataSetter (TeeFactory): Cloned 0 input feature(s) into 0 output feature(s)
2024-01-07 12:54:35|   1.5|  0.0|STATS |NDVICalculator_RasterBandNodataSetter_2_Rejector (TestFactory): Tested 0 input feature(s) -- 0 feature(s) passed and 0 feature(s) failed
2024-01-07 12:54:35|   1.5|  0.0|STATS |NDVICalculator_RasterPaletteAdder_2 (TeeFactory): Cloned 0 input feature(s) into 0 output feature(s)
2024-01-07 12:54:35|   1.5|  0.0|STATS |NDVICalculator_RasterPaletteAdder_2_Rejector (TestFactory): Tested 0 input feature(s) -- 0 feature(s) passed and 0 feature(s) failed
2024-01-07 12:54:35|   1.5|  0.0|STATS |NDVICalculator_Junction_10 (TeeFactory): Cloned 0 input feature(s) into 0 output feature(s)
2024-01-07 12:54:35|   1.5|  0.0|STATS |NDVICalculator_RasterPaletteAdder (TeeFactory): Cloned 1 input feature(s) into 1 output feature(s)
2024-01-07 12:54:35|   1.5|  0.0|STATS |NDVICalculator_RasterPaletteAdder_Rejector (TestFactory): Tested 1 input feature(s) -- 0 feature(s) passed and 1 feature(s) failed
2024-01-07 12:54:35|   1.5|  0.0|STATS |NDVICalculator_Junction_11 (TeeFactory): Cloned 0 input feature(s) into 0 output feature(s)
2024-01-07 12:54:35|   1.5|  0.0|STATS |NDVICalculator_RasterBandNodataSetter_RasterBandNodataSetterInput (TeeFactory): Cloned 1 input feature(s) into 1 output feature(s)
2024-01-07 12:54:35|   1.5|  0.0|STATS |NDVICalculator_RasterBandNodataSetter_RasterBandNodataSetter (TeeFactory): Cloned 1 input feature(s) into 1 output feature(s)
2024-01-07 12:54:35|   1.5|  0.0|STATS |NDVICalculator_RasterBandNodataSetter_Rejector (TestFactory): Tested 1 input feature(s) -- 0 feature(s) passed and 1 feature(s) failed
2024-01-07 12:54:35|   1.5|  0.0|STATS |NDVICalculator_AttributeRemover (TeeFactory): Cloned 1 input feature(s) into 1 output feature(s)
2024-01-07 12:54:35|   1.5|  0.0|STATS |NDVICalculator_Junction_12 (TeeFactory): Cloned 0 input feature(s) into 0 output feature(s)
2024-01-07 12:54:35|   1.5|  0.0|STATS |NDVICalculator_Junction_2 (TeeFactory): Cloned 0 input feature(s) into 0 output feature(s)
2024-01-07 12:54:35|   1.5|  0.0|STATS |NDVICalculator_Output1572301170 Output Collector (TeeFactory): Cloned 1 input feature(s) into 1 output feature(s)
2024-01-07 12:54:35|   1.5|  0.0|STATS |NDVICalculator_<Rejected>1572301170 Output Collector (TeeFactory): Cloned 0 input feature(s) into 0 output feature(s)
2024-01-07 12:54:35|   1.5|  0.0|STATS |NDVICalculator Output Output Renamer/Nuker (TeeFactory): Cloned 1 input feature(s) into 1 output feature(s)
2024-01-07 12:54:35|   1.5|  0.0|STATS |NDVICalculator <Rejected> Output Renamer/Nuker (TeeFactory): Cloned 0 input feature(s) into 0 output feature(s)
2024-01-07 12:54:36|   2.0|  0.5|INFORM|Creating writer for format: TIFF (Tagged Image File Format)
2024-01-07 12:54:36|   2.0|  0.0|INFORM|Trying to find a DYNAMIC plugin for writer named `TIFF'
2024-01-07 12:54:36|   2.0|  0.0|INFORM|Loaded module 'TIFF' from file 'C:\Program Files\FME\plugins/gdal/GDAL.dll'
2024-01-07 12:54:36|   2.0|  0.0|INFORM|FME API version of module 'gdal/GDAL' matches current internal version (4.0 20230418)
2024-01-07 12:54:36|   2.0|  0.0|INFORM|FME Configuration: No destination coordinate system set
2024-01-07 12:54:36|   2.0|  0.0|INFORM|Writer `TIFF_1' of type `TIFF' using group definition keyword `TIFF_1_DEF'
2024-01-07 12:54:36|   2.0|  0.0|INFORM|TIFF writer: Setting feature type level option 'tiff_world_file_generation' to value 'yes' for feature type 'powiaty'
2024-01-07 12:54:36|   2.0|  0.0|INFORM|TIFF writer: Setting feature type level option 'tiff_compression_method' to value 'none' for feature type 'powiaty'
2024-01-07 12:54:36|   2.0|  0.0|INFORM|TIFF writer: Setting feature type level option 'tiff_jpeg_compression_level' to value '25' for feature type 'powiaty'
2024-01-07 12:54:36|   2.0|  0.0|INFORM|TIFF writer: Setting feature type level option 'tiff_deflate_compression_level' to value '6' for feature type 'powiaty'
2024-01-07 12:54:36|   2.0|  0.0|INFORM|TIFF writer: Setting feature type level option 'tiff_zstd_compression_level' to value '9' for feature type 'powiaty'
2024-01-07 12:54:36|   2.0|  0.0|INFORM|TIFF writer: Setting feature type level option 'tiff_tab_file_generation' to value 'no' for feature type 'powiaty'
2024-01-07 12:54:36|   2.0|  0.0|INFORM|TIFF writer: Setting feature type level option 'tiff_interleaving_type' to value 'BIP' for feature type 'powiaty'
2024-01-07 12:54:36|   2.0|  0.0|INFORM|TIFF writer: Setting feature type level option 'tiff_byte_order' to value 'machine' for feature type 'powiaty'
2024-01-07 12:54:36|   2.0|  0.0|INFORM|TIFF writer: Setting feature type level option 'tiff_calculate_minmax_tifftags' to value 'no' for feature type 'powiaty'
2024-01-07 12:54:36|   2.0|  0.0|INFORM|TIFF writer: Setting feature type level option 'tiff_pyramid_interpolation_type' to value 'NearestNeighbor' for feature type 'powiaty'
2024-01-07 12:54:36|   2.0|  0.0|INFORM|TIFF writer: Setting feature type level option 'tiff_pyramid_tile_size' to value '128' for feature type 'powiaty'
2024-01-07 12:54:36|   2.2|  0.2|INFORM|Successfully wrote world file 'C:\Users\Public\FMEtif\powiaty.tfw'
2024-01-07 12:54:36|   2.2|  0.0|INFORM|Loaded module 'PointCloudEvaluationFactory' from file 'C:\Program Files\FME\plugins/PointCloudEvaluationFactory.dll'
2024-01-07 12:54:36|   2.2|  0.0|INFORM|FME API version of module 'PointCloudEvaluationFactory' matches current internal version (4.0 20230418)
2024-01-07 12:54:36|   2.4|  0.2|INFORM|Loaded module 'CalculatePointCloudStatistics_func' from file 'C:\Program Files\FME\plugins/CalculatePointCloudStatistics_func.dll'
2024-01-07 12:54:36|   2.4|  0.0|INFORM|FME API version of module 'CalculatePointCloudStatistics_func' matches current internal version (4.0 20230418)
2024-01-07 12:54:37|   2.9|  0.5|STATS |Clipper INSIDE Splitter (TeeFactory): Cloned 1 input feature(s) into 2 output feature(s)
2024-01-07 12:54:39|   2.9|  0.0|INFORM|Email sent successfully!
2024-01-07 12:54:39|   2.9|  0.0|STATS |Stored 2 feature(s) to FME feature store file `C:\Users\Piotrek\AppData\Local\Temp\wb-inspectors-CvEdGw\inspector.ffs'
2024-01-07 12:54:39|   2.9|  0.0|INFORM|Saving spatial index into file 'C:\Users\Piotrek\AppData\Local\Temp\wb-inspectors-CvEdGw\inspector.fsi'
2024-01-07 12:54:39|   2.9|  0.0|INFORM|Finished saving spatial index into file 'C:\Users\Piotrek\AppData\Local\Temp\wb-inspectors-CvEdGw\inspector.fsi'
2024-01-07 12:54:39|   2.9|  0.0|STATS |Destination Feature Type Routing Correlator (RoutingFactory): Tested 1 input feature(s), wrote 1 output feature(s): 0 matched merge filters, 1 were routed to output, 0 could not be routed.
2024-01-07 12:54:39|   2.9|  0.0|STATS |Final Output Nuker (TeeFactory): Cloned 0 input feature(s) into 0 output feature(s)
2024-01-07 12:54:39|   2.9|  0.0|STATS |VisualizerProcessor (CreationFactory): Created 1 features
2024-01-07 12:54:39|   2.9|  0.0|STATS |VisualizerCleaner (TeeFactory): Cloned 1 input feature(s) into 0 output feature(s)
2024-01-07 12:54:39|   2.9|  0.0|INFORM|=-=-=-=-=-=-=-=-=-=-=-=-=-=-=-=-=-=-=-=-=-=-=-=-=-=-=-=-=-=-=-=-=-=-=-=-=-=-=-
2024-01-07 12:54:39|   2.9|  0.0|INFORM|Feature output statistics for `TIFF' writer using keyword `TIFF_1':
2024-01-07 12:54:39|   2.9|  0.0|STATS |=-=-=-=-=-=-=-=-=-=-=-=-=-=-=-=-=-=-=-=-=-=-=-=-=-=-=-=-=-=-=-=-=-=-=-=-=-=-=-
2024-01-07 12:54:39|   2.9|  0.0|STATS |                               Features Written
2024-01-07 12:54:39|   2.9|  0.0|STATS |=-=-=-=-=-=-=-=-=-=-=-=-=-=-=-=-=-=-=-=-=-=-=-=-=-=-=-=-=-=-=-=-=-=-=-=-=-=-=-
2024-01-07 12:54:39|   2.9|  0.0|STATS |powiaty                                                                      1
2024-01-07 12:54:39|   2.9|  0.0|STATS |==============================================================================
2024-01-07 12:54:39|   2.9|  0.0|STATS |Total Features Written                                                       1
2024-01-07 12:54:39|   2.9|  0.0|STATS |=-=-=-=-=-=-=-=-=-=-=-=-=-=-=-=-=-=-=-=-=-=-=-=-=-=-=-=-=-=-=-=-=-=-=-=-=-=-=-
2024-01-07 12:54:39|   2.9|  0.0|STATS |=-=-=-=-=-=-=-=-=-=-=-=-=-=-=-=-=-=-=-=-=-=-=-=-=-=-=-=-=-=-=-=-=-=-=-=-=-=-=-
2024-01-07 12:54:39|   2.9|  0.0|STATS |                            Features Read Summary
2024-01-07 12:54:39|   2.9|  0.0|STATS |=-=-=-=-=-=-=-=-=-=-=-=-=-=-=-=-=-=-=-=-=-=-=-=-=-=-=-=-=-=-=-=-=-=-=-=-=-=-=-
2024-01-07 12:54:39|   2.9|  0.0|STATS |==============================================================================
2024-01-07 12:54:39|   2.9|  0.0|STATS |Total Features Read                                                          0
2024-01-07 12:54:39|   2.9|  0.0|STATS |=-=-=-=-=-=-=-=-=-=-=-=-=-=-=-=-=-=-=-=-=-=-=-=-=-=-=-=-=-=-=-=-=-=-=-=-=-=-=-
2024-01-07 12:54:39|   2.9|  0.0|STATS |=-=-=-=-=-=-=-=-=-=-=-=-=-=-=-=-=-=-=-=-=-=-=-=-=-=-=-=-=-=-=-=-=-=-=-=-=-=-=-
2024-01-07 12:54:39|   2.9|  0.0|STATS |                           Features Written Summary
2024-01-07 12:54:39|   2.9|  0.0|STATS |=-=-=-=-=-=-=-=-=-=-=-=-=-=-=-=-=-=-=-=-=-=-=-=-=-=-=-=-=-=-=-=-=-=-=-=-=-=-=-
2024-01-07 12:54:39|   2.9|  0.0|STATS |powiaty                                                                      1
2024-01-07 12:54:39|   2.9|  0.0|STATS |==============================================================================
2024-01-07 12:54:39|   2.9|  0.0|STATS |Total Features Written                                                       1
2024-01-07 12:54:39|   2.9|  0.0|STATS |=-=-=-=-=-=-=-=-=-=-=-=-=-=-=-=-=-=-=-=-=-=-=-=-=-=-=-=-=-=-=-=-=-=-=-=-=-=-=-
2024-01-07 12:54:39|   2.9|  0.0|WARN  |-~-~-~-~-~-~-~-~-~-~-~-~-~-~-~-~-~-~-~-~-~-~-~-~-~-~-~-~-~-~-~-~-~-~-~-~-~-~-~-~-
2024-01-07 12:54:39|   2.9|  0.0|WARN  |-~                                                                             ~-
2024-01-07 12:54:39|   2.9|  0.0|WARN  |-~    Feature caches have been recorded at every stage of the translation.     ~-
2024-01-07 12:54:39|   2.9|  0.0|WARN  |-~                      To inspect the recorded features,                      ~-
2024-01-07 12:54:39|   2.9|  0.0|WARN  |-~              click the feature cache icons next to the ports.               ~-
2024-01-07 12:54:39|   2.9|  0.0|WARN  |-~                                                                             ~-
2024-01-07 12:54:39|   2.9|  0.0|WARN  |-~-~-~-~-~-~-~-~-~-~-~-~-~-~-~-~-~-~-~-~-~-~-~-~-~-~-~-~-~-~-~-~-~-~-~-~-~-~-~-~-
2024-01-07 12:54:39|   2.9|  0.0|INFORM|Translation was SUCCESSFUL with 7 warning(s) (1 feature(s) output)
2024-01-07 12:54:39|   2.9|  0.0|INFORM|FME Session Duration: 8 seconds. (CPU: 1.9s user, 1.0s system)
2024-01-07 12:54:39|   2.9|  0.0|INFORM|END - ProcessID: 37568, peak process memory usage: 237252 kB, current process memory usage: 185240 kB
